<?xml version="1.0" encoding="UTF-8"?>
<!-- Generated by org.testng.reporters.JUnitReportReporter -->
<testsuite hostname="DESKTOP-9349TGQ" failures="0" tests="1" name="testNgImplementationWithAssert.copy.CreateAndDuplicateLeadTest" time="17.369" errors="0" timestamp="2024-08-23T15:48:23 IST" skipped="0">
  <testcase classname="testNgImplementationWithAssert.copy.CreateAndDuplicateLeadTest" name="createAndDuplicateLeadTest" time="17.369"/>
  <system-out/>
</testsuite> <!-- testNgImplementationWithAssert.copy.CreateAndDuplicateLeadTest -->
