<?xml version="1.0" encoding="UTF-8"?>
<!-- Generated by org.testng.reporters.JUnitReportReporter -->
<testsuite hostname="DESKTOP-9349TGQ" failures="0" tests="1" name="testNgImplementation.CreateOrganizationTest" time="31.311" errors="0" timestamp="2024-08-21T15:50:56 IST" skipped="0">
  <testcase classname="testNgImplementation.CreateOrganizationTest" name="createOrgTest" time="31.311"/>
  <system-out/>
</testsuite> <!-- testNgImplementation.CreateOrganizationTest -->
